<?xml version="1.0" encoding="UTF-8"?>
<testng-results ignored="0" total="14" passed="13" failed="1" skipped="0">
  <reporter-output>
  </reporter-output>
  <suite started-at="2025-07-07T00:18:46 IST" name="Default suite" finished-at="2025-07-07T00:19:22 IST" duration-ms="35330">
    <groups>
    </groups>
    <test started-at="2025-07-07T00:18:46 IST" name="Default test" finished-at="2025-07-07T00:19:22 IST" duration-ms="35330">
      <class name="testBase.Basetest">
        <test-method is-config="true" signature="setup()[pri:0, instance:testBase.Basetest@e57b96d]" started-at="2025-07-07T00:18:46 IST" name="setup" finished-at="2025-07-07T00:18:59 IST" duration-ms="12924" status="PASS">
          <reporter-output>
          </reporter-output>
        </test-method> <!-- setup -->
        <test-method signature="testNavigateToNewBikes()[pri:1, instance:testBase.Basetest@e57b96d]" started-at="2025-07-07T00:18:59 IST" name="testNavigateToNewBikes" finished-at="2025-07-07T00:19:03 IST" duration-ms="3389" status="PASS">
          <reporter-output>
          </reporter-output>
        </test-method> <!-- testNavigateToNewBikes -->
        <test-method signature="testViewAllUpcomingBikes()[pri:2, instance:testBase.Basetest@e57b96d]" started-at="2025-07-07T00:19:03 IST" name="testViewAllUpcomingBikes" finished-at="2025-07-07T00:19:04 IST" duration-ms="1117" status="PASS">
          <reporter-output>
          </reporter-output>
        </test-method> <!-- testViewAllUpcomingBikes -->
        <test-method signature="testClickBrandHonda()[pri:3, instance:testBase.Basetest@e57b96d]" started-at="2025-07-07T00:19:04 IST" name="testClickBrandHonda" finished-at="2025-07-07T00:19:04 IST" duration-ms="459" status="PASS">
          <reporter-output>
          </reporter-output>
        </test-method> <!-- testClickBrandHonda -->
        <test-method signature="testFetchBikeDetails()[pri:4, instance:testBase.Basetest@e57b96d]" started-at="2025-07-07T00:19:04 IST" name="testFetchBikeDetails" finished-at="2025-07-07T00:19:05 IST" duration-ms="1161" status="PASS">
          <reporter-output>
          </reporter-output>
        </test-method> <!-- testFetchBikeDetails -->
        <test-method signature="testMenuButtonClick()[pri:5, instance:testBase.Basetest@e57b96d]" started-at="2025-07-07T00:19:05 IST" name="testMenuButtonClick" finished-at="2025-07-07T00:19:09 IST" duration-ms="3234" status="PASS">
          <reporter-output>
          </reporter-output>
        </test-method> <!-- testMenuButtonClick -->
        <test-method signature="testSetChennaiLocation()[pri:6, instance:testBase.Basetest@e57b96d]" started-at="2025-07-07T00:19:09 IST" name="testSetChennaiLocation" finished-at="2025-07-07T00:19:09 IST" duration-ms="437" status="PASS">
          <reporter-output>
          </reporter-output>
        </test-method> <!-- testSetChennaiLocation -->
        <test-method signature="testValidateLocation()[pri:7, instance:testBase.Basetest@e57b96d]" started-at="2025-07-07T00:19:09 IST" name="testValidateLocation" finished-at="2025-07-07T00:19:09 IST" duration-ms="194" status="PASS">
          <reporter-output>
          </reporter-output>
        </test-method> <!-- testValidateLocation -->
        <test-method signature="getModelNameList()[pri:8, instance:testBase.Basetest@e57b96d]" started-at="2025-07-07T00:19:09 IST" name="getModelNameList" finished-at="2025-07-07T00:19:11 IST" duration-ms="1304" status="PASS">
          <reporter-output>
          </reporter-output>
        </test-method> <!-- getModelNameList -->
        <test-method signature="testPageTitle()[pri:9, instance:testBase.Basetest@e57b96d]" started-at="2025-07-07T00:19:11 IST" name="testPageTitle" finished-at="2025-07-07T00:19:11 IST" duration-ms="289" status="PASS">
          <reporter-output>
          </reporter-output>
        </test-method> <!-- testPageTitle -->
        <test-method signature="clickOnLoginBtn()[pri:10, instance:testBase.Basetest@e57b96d]" started-at="2025-07-07T00:19:11 IST" name="clickOnLoginBtn" finished-at="2025-07-07T00:19:11 IST" duration-ms="582" status="PASS">
          <reporter-output>
          </reporter-output>
        </test-method> <!-- clickOnLoginBtn -->
        <test-method signature="testLoginPopUp()[pri:11, instance:testBase.Basetest@e57b96d]" started-at="2025-07-07T00:19:11 IST" name="testLoginPopUp" finished-at="2025-07-07T00:19:12 IST" duration-ms="286" status="PASS">
          <reporter-output>
          </reporter-output>
        </test-method> <!-- testLoginPopUp -->
        <test-method signature="testGoogleLogin(java.lang.String)[pri:12, instance:testBase.Basetest@e57b96d]" started-at="2025-07-07T00:19:12 IST" name="testGoogleLogin" data-provider="gmailData" finished-at="2025-07-07T00:19:16 IST" duration-ms="4179" status="PASS">
          <params>
            <param index="0">
              <value>
                <![CDATA[demo1@gmail.com]]>
              </value>
            </param>
          </params>
          <reporter-output>
          </reporter-output>
        </test-method> <!-- testGoogleLogin -->
        <test-method signature="closeGoogleLogin()[pri:13, instance:testBase.Basetest@e57b96d]" started-at="2025-07-07T00:19:16 IST" name="closeGoogleLogin" finished-at="2025-07-07T00:19:16 IST" duration-ms="74" status="FAIL">
          <exception class="org.openqa.selenium.NoSuchWindowException">
            <message>
              <![CDATA[no such window: target window already closed
from unknown error: web view not found
  (Session info: chrome=137.0.7151.69)
Build info: version: '4.34.0', revision: '707dcb4246*'
System info: os.name: 'Windows 11', os.arch: 'amd64', os.version: '10.0', java.version: '21.0.5'
Driver info: org.openqa.selenium.chrome.ChromeDriver
Command: [2bbba25d655ee014f96a15dfe71358d6, screenshot {}]
Capabilities {acceptInsecureCerts: false, browserName: chrome, browserVersion: 137.0.7151.69, chrome: {chromedriverVersion: 137.0.7151.119 (e0ac9d12dff..., userDataDir: C:\Users\2403953\AppData\Lo...}, fedcm:accounts: true, goog:chromeOptions: {debuggerAddress: localhost:59418}, networkConnectionEnabled: false, pageLoadStrategy: normal, platformName: windows, proxy: Proxy(), se:cdp: ws://localhost:59418/devtoo..., se:cdpVersion: 137.0.7151.69, setWindowRect: true, strictFileInteractability: false, timeouts: {implicit: 0, pageLoad: 300000, script: 30000}, unhandledPromptBehavior: dismiss and notify, webauthn:extension:credBlob: true, webauthn:extension:largeBlob: true, webauthn:extension:minPinLength: true, webauthn:extension:prf: true, webauthn:virtualAuthenticators: true}
Session ID: 2bbba25d655ee014f96a15dfe71358d6]]>
            </message>
            <full-stacktrace>
              <![CDATA[org.openqa.selenium.NoSuchWindowException: no such window: target window already closed
from unknown error: web view not found
  (Session info: chrome=137.0.7151.69)
Build info: version: '4.34.0', revision: '707dcb4246*'
System info: os.name: 'Windows 11', os.arch: 'amd64', os.version: '10.0', java.version: '21.0.5'
Driver info: org.openqa.selenium.chrome.ChromeDriver
Command: [2bbba25d655ee014f96a15dfe71358d6, screenshot {}]
Capabilities {acceptInsecureCerts: false, browserName: chrome, browserVersion: 137.0.7151.69, chrome: {chromedriverVersion: 137.0.7151.119 (e0ac9d12dff..., userDataDir: C:\Users\2403953\AppData\Lo...}, fedcm:accounts: true, goog:chromeOptions: {debuggerAddress: localhost:59418}, networkConnectionEnabled: false, pageLoadStrategy: normal, platformName: windows, proxy: Proxy(), se:cdp: ws://localhost:59418/devtoo..., se:cdpVersion: 137.0.7151.69, setWindowRect: true, strictFileInteractability: false, timeouts: {implicit: 0, pageLoad: 300000, script: 30000}, unhandledPromptBehavior: dismiss and notify, webauthn:extension:credBlob: true, webauthn:extension:largeBlob: true, webauthn:extension:minPinLength: true, webauthn:extension:prf: true, webauthn:virtualAuthenticators: true}
Session ID: 2bbba25d655ee014f96a15dfe71358d6
at java.base/jdk.internal.reflect.DirectConstructorHandleAccessor.newInstance(DirectConstructorHandleAccessor.java:62)
at java.base/java.lang.reflect.Constructor.newInstanceWithCaller(Constructor.java:502)
at java.base/java.lang.reflect.Constructor.newInstance(Constructor.java:486)
at org.openqa.selenium.remote.ErrorCodec.decode(ErrorCodec.java:167)
at org.openqa.selenium.remote.codec.w3c.W3CHttpResponseCodec.decode(W3CHttpResponseCodec.java:138)
at org.openqa.selenium.remote.codec.w3c.W3CHttpResponseCodec.decode(W3CHttpResponseCodec.java:50)
at org.openqa.selenium.remote.HttpCommandExecutor.execute(HttpCommandExecutor.java:215)
at org.openqa.selenium.remote.service.DriverCommandExecutor.invokeExecute(DriverCommandExecutor.java:216)
at org.openqa.selenium.remote.service.DriverCommandExecutor.execute(DriverCommandExecutor.java:174)
at org.openqa.selenium.remote.RemoteWebDriver.execute(RemoteWebDriver.java:544)
at org.openqa.selenium.remote.RemoteWebDriver.execute(RemoteWebDriver.java:617)
at org.openqa.selenium.remote.RemoteWebDriver.execute(RemoteWebDriver.java:621)
at org.openqa.selenium.remote.RemoteWebDriver.getScreenshotAs(RemoteWebDriver.java:333)
at utilities.ScreenshotUtil.captureScreenshot(ScreenshotUtil.java:16)
at testBase.Basetest.closeGoogleLogin(Basetest.java:150)
at java.base/jdk.internal.reflect.DirectMethodHandleAccessor.invoke(DirectMethodHandleAccessor.java:103)
at java.base/java.lang.reflect.Method.invoke(Method.java:580)
at org.testng.internal.invokers.MethodInvocationHelper.invokeMethod(MethodInvocationHelper.java:141)
at org.testng.internal.invokers.TestInvoker.invokeMethod(TestInvoker.java:687)
at org.testng.internal.invokers.TestInvoker.invokeTestMethod(TestInvoker.java:230)
at org.testng.internal.invokers.MethodRunner.runInSequence(MethodRunner.java:63)
at org.testng.internal.invokers.TestInvoker$MethodInvocationAgent.invoke(TestInvoker.java:995)
at org.testng.internal.invokers.TestInvoker.invokeTestMethods(TestInvoker.java:203)
at org.testng.internal.invokers.TestMethodWorker.invokeTestMethods(TestMethodWorker.java:154)
at org.testng.internal.invokers.TestMethodWorker.run(TestMethodWorker.java:134)
at java.base/java.util.ArrayList.forEach(ArrayList.java:1596)
at org.testng.TestRunner.privateRun(TestRunner.java:741)
at org.testng.TestRunner.run(TestRunner.java:616)
at org.testng.SuiteRunner.runTest(SuiteRunner.java:421)
at org.testng.SuiteRunner.runSequentially(SuiteRunner.java:413)
at org.testng.SuiteRunner.privateRun(SuiteRunner.java:373)
at org.testng.SuiteRunner.run(SuiteRunner.java:312)
at org.testng.SuiteRunnerWorker.runSuite(SuiteRunnerWorker.java:52)
at org.testng.SuiteRunnerWorker.run(SuiteRunnerWorker.java:95)
at org.testng.TestNG.runSuitesSequentially(TestNG.java:1274)
at org.testng.TestNG.runSuitesLocally(TestNG.java:1208)
at org.testng.TestNG.runSuites(TestNG.java:1112)
at org.testng.TestNG.run(TestNG.java:1079)
at org.testng.remote.AbstractRemoteTestNG.run(AbstractRemoteTestNG.java:115)
at org.testng.remote.RemoteTestNG.initAndRun(RemoteTestNG.java:293)
at org.testng.remote.RemoteTestNG.main(RemoteTestNG.java:91)
]]>
            </full-stacktrace>
          </exception> <!-- org.openqa.selenium.NoSuchWindowException -->
          <reporter-output>
          </reporter-output>
        </test-method> <!-- closeGoogleLogin -->
        <test-method signature="closeLoginModal()[pri:14, instance:testBase.Basetest@e57b96d]" started-at="2025-07-07T00:19:16 IST" name="closeLoginModal" finished-at="2025-07-07T00:19:22 IST" duration-ms="5650" status="PASS">
          <reporter-output>
          </reporter-output>
        </test-method> <!-- closeLoginModal -->
      </class> <!-- testBase.Basetest -->
    </test> <!-- Default test -->
  </suite> <!-- Default suite -->
</testng-results>
